0 info it worked if it ends with ok
1 verbose cli [ 'C:\\Program Files\\nodejs\\node.exe',
1 verbose cli   'C:\\Program Files\\nodejs\\node_modules\\npm\\bin\\npm-cli.js',
1 verbose cli   'run',
1 verbose cli   'browse' ]
2 info using npm@3.8.6
3 info using node@v6.0.0
4 verbose run-script [ 'prebrowse', 'browse', 'postbrowse' ]
5 info lifecycle order@0.0.0~prebrowse: order@0.0.0
6 silly lifecycle order@0.0.0~prebrowse: no script for prebrowse, continuing
7 info lifecycle order@0.0.0~browse: order@0.0.0
8 verbose lifecycle order@0.0.0~browse: unsafe-perm in lifecycle true
9 verbose lifecycle order@0.0.0~browse: PATH: C:\Users\Jss\AppData\Roaming\nvm\v6.0.0\node_modules\npm\bin\node-gyp-bin;E:\work\order-dist\node_modules\.bin;C:\Program Files\nodejs;C:\Users\Jss\bin;C:\Program Files\Git\mingw64\bin;C:\Program Files\Git\usr\local\bin;C:\Program Files\Git\usr\bin;C:\Program Files\Git\usr\bin;C:\Program Files\Git\mingw64\bin;C:\Program Files\Git\usr\bin;C:\Users\Jss\bin;C:\Program Files (x86)\NVIDIA Corporation\PhysX\Common;C:\Program Files (x86)\Intel\iCLS Client;C:\Program Files\Intel\iCLS Client;C:\WINDOWS\system32;C:\WINDOWS;C:\WINDOWS\System32\Wbem;C:\WINDOWS\System32\WindowsPowerShell\v1.0;C:\Program Files\Intel\Intel(R) Management Engine Components\DAL;C:\Program Files\Intel\Intel(R) Management Engine Components\IPT;C:\Program Files (x86)\Intel\Intel(R) Management Engine Components\DAL;C:\Program Files (x86)\Intel\Intel(R) Management Engine Components\IPT;C:\Program Files (x86)\Common Files\lenovo\easyplussdk\bin;C:\ProgramData\Lenovo\ReadyApps;C:\Program Files\Git\cmd;C:\Users\Jss\AppData\Roaming\nvm;C:\Program Files\nodejs;C:\WINDOWS\System32\OpenSSH;C:\Users\Jss\AppData\Local\Microsoft\WindowsApps;C:\Users\Jss\AppData\Roaming\nvm;C:\Program Files\nodejs;C:\Program Files\Microsoft VS Code\bin;C:\Program Files\Git\usr\bin\vendor_perl;C:\Program Files\Git\usr\bin\core_perl
10 verbose lifecycle order@0.0.0~browse: CWD: E:\work\order-dist
11 silly lifecycle order@0.0.0~browse: Args: [ '/d /s /c', 'sjs browse ./frontend/deploy/order.slax' ]
12 silly lifecycle order@0.0.0~browse: Returned: code: 1  signal: null
13 info lifecycle order@0.0.0~browse: Failed to exec browse script
14 verbose stack Error: order@0.0.0 browse: `sjs browse ./frontend/deploy/order.slax`
14 verbose stack Exit status 1
14 verbose stack     at EventEmitter.<anonymous> (C:\Users\Jss\AppData\Roaming\nvm\v6.0.0\node_modules\npm\lib\utils\lifecycle.js:239:16)
14 verbose stack     at emitTwo (events.js:106:13)
14 verbose stack     at EventEmitter.emit (events.js:191:7)
14 verbose stack     at ChildProcess.<anonymous> (C:\Users\Jss\AppData\Roaming\nvm\v6.0.0\node_modules\npm\lib\utils\spawn.js:24:14)
14 verbose stack     at emitTwo (events.js:106:13)
14 verbose stack     at ChildProcess.emit (events.js:191:7)
14 verbose stack     at maybeClose (internal/child_process.js:850:16)
14 verbose stack     at Process.ChildProcess._handle.onexit (internal/child_process.js:215:5)
15 verbose pkgid order@0.0.0
16 verbose cwd E:\work\order-dist
17 error Windows_NT 10.0.17134
18 error argv "C:\\Program Files\\nodejs\\node.exe" "C:\\Program Files\\nodejs\\node_modules\\npm\\bin\\npm-cli.js" "run" "browse"
19 error node v6.0.0
20 error npm  v3.8.6
21 error code ELIFECYCLE
22 error order@0.0.0 browse: `sjs browse ./frontend/deploy/order.slax`
22 error Exit status 1
23 error Failed at the order@0.0.0 browse script 'sjs browse ./frontend/deploy/order.slax'.
23 error Make sure you have the latest version of node.js and npm installed.
23 error If you do, this is most likely a problem with the order package,
23 error not with npm itself.
23 error Tell the author that this fails on your system:
23 error     sjs browse ./frontend/deploy/order.slax
23 error You can get information on how to open an issue for this project with:
23 error     npm bugs order
23 error Or if that isn't available, you can get their info via:
23 error     npm owner ls order
23 error There is likely additional logging output above.
24 verbose exit [ 1, true ]
